<?xml version="1.0" encoding="UTF-8"?>
<!-- Generated by org.testng.reporters.JUnitXMLReporter -->
<testsuite ignored="0" hostname="Avi" failures="0" tests="4" name="Test" time="0.234" errors="0" timestamp="2023-09-20T00:53:15 BDT">
  <testcase classname="org.avi.TestUtils.AndroidBaseTest" name="@BeforeClass ConfigureAppium" time="0.053">
    <failure type="java.lang.NullPointerException">
      <![CDATA[java.lang.NullPointerException
at java.base/java.io.FileOutputStream.<init>(FileOutputStream.java:221)
at java.base/java.io.FileOutputStream.<init>(FileOutputStream.java:179)
at org.openqa.selenium.remote.service.DriverService$Builder.getLogOutput(DriverService.java:448)
at org.openqa.selenium.remote.service.DriverService$Builder.build(DriverService.java:495)
at org.avi.utils.AppiumUtils.startAppiumServer(AppiumUtils.java:51)
at org.avi.TestUtils.AndroidBaseTest.ConfigureAppium(AndroidBaseTest.java:49)
at java.base/java.util.ArrayList.forEach(ArrayList.java:1596)
... Removed 27 stack frames]]>
    </failure>
  </testcase> <!-- @BeforeClass ConfigureAppium -->
  <testcase classname="org.avi.eCommerce_tc_2" name="@BeforeMethod preSetup" time="0.0">
    <skipped/>
  </testcase> <!-- @BeforeMethod preSetup -->
  <testcase classname="org.avi.eCommerce_tc_2" name="@BeforeMethod preSetup" time="0.0">
    <skipped/>
  </testcase> <!-- @BeforeMethod preSetup -->
  <testcase classname="org.avi.TestUtils.AndroidBaseTest" name="@BeforeClass ConfigureAppium" time="0.001">
    <failure type="java.lang.NullPointerException">
      <![CDATA[java.lang.NullPointerException
at java.base/java.io.FileOutputStream.<init>(FileOutputStream.java:221)
at java.base/java.io.FileOutputStream.<init>(FileOutputStream.java:179)
at org.openqa.selenium.remote.service.DriverService$Builder.getLogOutput(DriverService.java:448)
at org.openqa.selenium.remote.service.DriverService$Builder.build(DriverService.java:495)
at org.avi.utils.AppiumUtils.startAppiumServer(AppiumUtils.java:51)
at org.avi.TestUtils.AndroidBaseTest.ConfigureAppium(AndroidBaseTest.java:49)
at java.base/java.util.ArrayList.forEach(ArrayList.java:1596)
... Removed 27 stack frames]]>
    </failure>
  </testcase> <!-- @BeforeClass ConfigureAppium -->
  <testcase classname="org.avi.e_Commerce_tc_3" name="@BeforeMethod preSetup" time="0.002">
    <failure type="java.lang.NullPointerException" message="Cannot invoke &amp;quot;avi.AppiumFrameWorkDesignByAvi.pageObjects.android.FormPage.setActivity()&amp;quot; because &amp;quot;this.formPage&amp;quot; is null">
      <![CDATA[java.lang.NullPointerException: Cannot invoke "avi.AppiumFrameWorkDesignByAvi.pageObjects.android.FormPage.setActivity()" because "this.formPage" is null
at org.avi.e_Commerce_tc_3.preSetup(e_Commerce_tc_3.java:70)
at java.base/java.util.ArrayList.forEach(ArrayList.java:1596)
... Removed 33 stack frames]]>
    </failure>
  </testcase> <!-- @BeforeMethod preSetup -->
  <testcase classname="org.avi.e_Commerce_tc_3" name="@BeforeMethod preSetup" time="0.0">
    <failure type="java.lang.NullPointerException" message="Cannot invoke &amp;quot;avi.AppiumFrameWorkDesignByAvi.pageObjects.android.FormPage.setActivity()&amp;quot; because &amp;quot;this.formPage&amp;quot; is null">
      <![CDATA[java.lang.NullPointerException: Cannot invoke "avi.AppiumFrameWorkDesignByAvi.pageObjects.android.FormPage.setActivity()" because "this.formPage" is null
at org.avi.e_Commerce_tc_3.preSetup(e_Commerce_tc_3.java:70)
at java.base/java.util.ArrayList.forEach(ArrayList.java:1596)
... Removed 33 stack frames]]>
    </failure>
  </testcase> <!-- @BeforeMethod preSetup -->
  <testcase classname="org.avi.eCommerce_tc_2" name="FillForm_ErrorValidation" time="0.0">
    <skipped/>
  </testcase> <!-- FillForm_ErrorValidation -->
  <testcase classname="org.avi.eCommerce_tc_2" name="FillForm_PositiveFlow" time="0.0">
    <skipped/>
  </testcase> <!-- FillForm_PositiveFlow -->
  <testcase classname="org.avi.e_Commerce_tc_3" name="FillForm" time="0.0">
    <skipped/>
  </testcase> <!-- FillForm -->
  <testcase classname="org.avi.e_Commerce_tc_3" name="FillForm" time="0.0">
    <skipped/>
  </testcase> <!-- FillForm -->
</testsuite> <!-- Test -->
