<?xml version="1.0" encoding="UTF-8"?>
<!-- Generated by org.testng.reporters.JUnitXMLReporter -->
<testsuite ignored="0" hostname="Avi" failures="1" tests="2" name="Test 2" time="29.175" errors="0" timestamp="2023-09-24T21:00:07 BDT">
  <testcase classname="org.avi.eCommerce_tc_2" name="FillForm_ErrorValidation" time="6.807">
    <failure type="java.lang.AssertionError" message="expected:&amp;lt;Please enter your name&amp;gt; but was:&amp;lt;Please your name&amp;gt;">
      <![CDATA[java.lang.AssertionError: expected:<Please enter your name> but was:<Please your name>
at org.avi.eCommerce_tc_2.FillForm_ErrorValidation(eCommerce_tc_2.java:75)
at java.base/java.util.ArrayList.forEach(ArrayList.java:1511)
... Removed 29 stack frames]]>
    </failure>
  </testcase> <!-- FillForm_ErrorValidation -->
  <testcase classname="org.avi.eCommerce_tc_2" name="FillForm_PositiveFlow" time="13.473"/>
</testsuite> <!-- Test 2 -->
