<?xml version="1.0" encoding="UTF-8"?>
<!-- Generated by org.testng.reporters.JUnitXMLReporter -->
<testsuite ignored="2" hostname="Avi" failures="0" tests="2" name="Test" time="48.519" errors="0" timestamp="2023-09-21T17:26:34 BDT">
  <testcase classname="org.avi.e_Commerce_tc_3" name="FillForm" time="20.473"/>
  <testcase classname="org.avi.e_Commerce_tc_3" name="FillForm" time="19.313"/>
  <testcase classname="org.avi.eCommerce_tc_2" name="FillForm_ErrorValidation" time="0.0">
    <ignored/>
  </testcase> <!-- FillForm_ErrorValidation -->
  <testcase classname="org.avi.eCommerce_tc_2" name="FillForm_PositiveFlow" time="0.0">
    <ignored/>
  </testcase> <!-- FillForm_PositiveFlow -->
</testsuite> <!-- Test -->
