<?xml version="1.0" encoding="UTF-8"?>
<testsuite xmlns:xsi="http://www.w3.org/2001/XMLSchema-instance" xsi:noNamespaceSchemaLocation="https://maven.apache.org/surefire/maven-surefire-plugin/xsd/surefire-test-report-3.0.xsd" version="3.0" name="TestSuite" time="1.183" tests="10" errors="0" skipped="6" failures="4">
  <properties>
[...]
</properties>
  <testcase name="ConfigureAppium" classname="org.avi.eCommerce_tc_2" time="0.567">
    <failure type="java.lang.NullPointerException"><![CDATA[java.lang.NullPointerException
]]></failure>
    <system-out><![CDATA[null
]]></system-out>
    <system-err><![CDATA[SLF4J: No SLF4J providers were found.
SLF4J: Defaulting to no-operation (NOP) logger implementation
SLF4J: See https://www.slf4j.org/codes.html#noProviders for further details.
]]></system-err>
  </testcase>
  <testcase name="preSetup" classname="org.avi.eCommerce_tc_2" time="0">
    <skipped/>
  </testcase>
  <testcase name="preSetup" classname="org.avi.eCommerce_tc_2" time="0">
    <skipped/>
  </testcase>
  <testcase name="FillForm_ErrorValidation" classname="org.avi.eCommerce_tc_2" time="0">
    <skipped/>
  </testcase>
  <testcase name="FillForm_PositiveFlow" classname="org.avi.eCommerce_tc_2" time="0">
    <skipped/>
  </testcase>
  <testcase name="ConfigureAppium" classname="org.avi.e_Commerce_tc_3" time="0.004">
    <failure type="java.lang.NullPointerException"><![CDATA[java.lang.NullPointerException
]]></failure>
    <system-out><![CDATA[null
]]></system-out>
  </testcase>
  <testcase name="preSetup" classname="org.avi.e_Commerce_tc_3" time="0.15">
    <failure message="Cannot invoke &quot;avi.AppiumFrameWorkDesignByAvi.pageObjects.android.FormPage.setActivity()&quot; because &quot;this.formPage&quot; is null" type="java.lang.NullPointerException"><![CDATA[java.lang.NullPointerException: Cannot invoke "avi.AppiumFrameWorkDesignByAvi.pageObjects.android.FormPage.setActivity()" because "this.formPage" is null
	at org.avi.e_Commerce_tc_3.preSetup(e_Commerce_tc_3.java:70)
]]></failure>
  </testcase>
  <testcase name="preSetup" classname="org.avi.e_Commerce_tc_3" time="0.002">
    <failure message="Cannot invoke &quot;avi.AppiumFrameWorkDesignByAvi.pageObjects.android.FormPage.setActivity()&quot; because &quot;this.formPage&quot; is null" type="java.lang.NullPointerException"><![CDATA[java.lang.NullPointerException: Cannot invoke "avi.AppiumFrameWorkDesignByAvi.pageObjects.android.FormPage.setActivity()" because "this.formPage" is null
	at org.avi.e_Commerce_tc_3.preSetup(e_Commerce_tc_3.java:70)
]]></failure>
  </testcase>
  <testcase name="FillForm[{gender=female, name=Ms, country=Argentina}](1)" classname="org.avi.e_Commerce_tc_3" time="0">
    <skipped message="Cannot invoke &quot;avi.AppiumFrameWorkDesignByAvi.pageObjects.android.FormPage.setActivity()&quot; because &quot;this.formPage&quot; is null"/>
  </testcase>
  <testcase name="FillForm[{gender=male, name=MR, country=Bangladesh}](2)" classname="org.avi.e_Commerce_tc_3" time="0">
    <skipped message="Cannot invoke &quot;avi.AppiumFrameWorkDesignByAvi.pageObjects.android.FormPage.setActivity()&quot; because &quot;this.formPage&quot; is null"/>
  </testcase>
</testsuite>