<?xml version="1.0" encoding="UTF-8"?>
<!-- Generated by org.testng.reporters.JUnitXMLReporter -->
<testsuite ignored="0" hostname="Avi" failures="0" tests="1" name="ScrollDemo" time="1.082" errors="0" timestamp="20 Sep 2023 10:42:24 GMT">
  <testcase classname="avi.BaseTest" name="@BeforeClass ConfigureAppium" time="1.079">
    <failure type="org.openqa.selenium.SessionNotCreatedException" message="Could not start a new session. Response code 500. Message: An unknown server-side error occurred while processing the command. Original error: Error executing adbExec. Original error: &amp;apos;Command &amp;apos;C:\\Users\\USER\\AppData\\Local\\Android\\Sdk\\platform-tools\\adb.exe -P 5037 -s a253319a forward tcp\:8200 tcp\:6790&amp;apos; exited with code 1&amp;apos;; Command output: adb.exe: error: cannot bind listener: cannot bind to 127.0.0.1:8200: An attempt was made to access a socket in a way forbidden by its access permissions. (10013)
 
Host info: host: &amp;apos;AVI&amp;apos;, ip: &amp;apos;192.168.0.100&amp;apos;
Build info: version: &amp;apos;4.12.1&amp;apos;, revision: &amp;apos;8e34639b11&amp;apos;
System info: os.name: &amp;apos;Windows 11&amp;apos;, os.arch: &amp;apos;amd64&amp;apos;, os.version: &amp;apos;10.0&amp;apos;, java.version: &amp;apos;17.0.7&amp;apos;
Driver info: io.appium.java_client.android.AndroidDriver
Command: [null, newSession {capabilities=[{appium:deviceName=POCO F3, platformName=ANDROID, appium:automationName=UIAutomator2, appium:app=D:\Java Selenium\Appium\src\test\java\resources\ApiDemos-debug.apk}], desiredCapabilities=Capabilities {appium:app: D:\Java Selenium\Appium\src..., appium:automationName: UIAutomator2, appium:deviceName: POCO F3, platformName: ANDROID}}]
Capabilities {appium:app: D:\Java Selenium\Appium\src..., appium:automationName: UIAutomator2, appium:deviceName: POCO F3, platformName: ANDROID}">
      <![CDATA[org.openqa.selenium.SessionNotCreatedException: Could not start a new session. Response code 500. Message: An unknown server-side error occurred while processing the command. Original error: Error executing adbExec. Original error: 'Command 'C:\\Users\\USER\\AppData\\Local\\Android\\Sdk\\platform-tools\\adb.exe -P 5037 -s a253319a forward tcp\:8200 tcp\:6790' exited with code 1'; Command output: adb.exe: error: cannot bind listener: cannot bind to 127.0.0.1:8200: An attempt was made to access a socket in a way forbidden by its access permissions. (10013)
 
Host info: host: 'AVI', ip: '192.168.0.100'
Build info: version: '4.12.1', revision: '8e34639b11'
System info: os.name: 'Windows 11', os.arch: 'amd64', os.version: '10.0', java.version: '17.0.7'
Driver info: io.appium.java_client.android.AndroidDriver
Command: [null, newSession {capabilities=[{appium:deviceName=POCO F3, platformName=ANDROID, appium:automationName=UIAutomator2, appium:app=D:\Java Selenium\Appium\src\test\java\resources\ApiDemos-debug.apk}], desiredCapabilities=Capabilities {appium:app: D:\Java Selenium\Appium\src..., appium:automationName: UIAutomator2, appium:deviceName: POCO F3, platformName: ANDROID}}]
Capabilities {appium:app: D:\Java Selenium\Appium\src..., appium:automationName: UIAutomator2, appium:deviceName: POCO F3, platformName: ANDROID}
at org.openqa.selenium.remote.ProtocolHandshake.createSession(ProtocolHandshake.java:140)
at io.appium.java_client.remote.AppiumProtocolHandshake.createSession(AppiumProtocolHandshake.java:133)
at io.appium.java_client.remote.AppiumProtocolHandshake.createSession(AppiumProtocolHandshake.java:102)
at io.appium.java_client.remote.AppiumCommandExecutor.createSession(AppiumCommandExecutor.java:182)
at io.appium.java_client.remote.AppiumCommandExecutor.execute(AppiumCommandExecutor.java:250)
at org.openqa.selenium.remote.RemoteWebDriver.execute(RemoteWebDriver.java:602)
at io.appium.java_client.AppiumDriver.startSession(AppiumDriver.java:274)
at org.openqa.selenium.remote.RemoteWebDriver.<init>(RemoteWebDriver.java:163)
at io.appium.java_client.AppiumDriver.<init>(AppiumDriver.java:89)
at io.appium.java_client.AppiumDriver.<init>(AppiumDriver.java:101)
at io.appium.java_client.android.AndroidDriver.<init>(AndroidDriver.java:113)
at avi.BaseTest.ConfigureAppium(BaseTest.java:62)
... Removed 30 stack frames]]>
    </failure>
  </testcase> <!-- @BeforeClass ConfigureAppium -->
  <testcase classname="avi.BaseTest" name="@AfterClass tearDown" time="0.0">
    <skipped/>
  </testcase> <!-- @AfterClass tearDown -->
  <testcase classname="avi.ScrollDemo" name="ScrollDemotest" time="0.0">
    <skipped/>
  </testcase> <!-- ScrollDemotest -->
</testsuite> <!-- ScrollDemo -->
