<?xml version="1.0" encoding="UTF-8"?>
<!-- Generated by org.testng.reporters.JUnitXMLReporter -->
<testsuite ignored="0" hostname="Avi" failures="1" tests="10" name="Test" time="148.431" errors="0" timestamp="2023-09-20T20:46:54 BDT">
  <testcase classname="avi.MisceallanousAppiumActions" name="AppiumTest" time="11.351"/>
  <testcase classname="avi.ScrollDemo" name="ScrollDemotest" time="7.576"/>
  <testcase classname="avi.AppiumBasics" name="AppiumTest" time="5.482"/>
  <testcase classname="avi.e_Commerce_tc_1" name="FillForm" time="25.246"/>
  <testcase classname="avi.LongPress" name="LongPressGesture" time="5.334"/>
  <testcase classname="avi.DragDropDemo" name="DragDroptest" time="5.502"/>
  <testcase classname="avi.WifiSettingsName" name="AppiumTest" time="4.96"/>
  <testcase classname="avi.SwipeDemo" name="SwipeDemotest" time="4.375"/>
  <testcase classname="avi.e_Commerce_tc_3" name="FillForm" time="13.857">
    <failure type="org.openqa.selenium.StaleElementReferenceException" message="The element &amp;apos;By.id: com.androidsample.generalstore:id/toolbar_title&amp;apos; does not exist in DOM anymore
For documentation on this error, please visit: https://www.selenium.dev/documentation/webdriver/troubleshooting/errors#stale-element-reference-exception
Build info: version: &amp;apos;4.12.1&amp;apos;, revision: &amp;apos;8e34639b11&amp;apos;
System info: os.name: &amp;apos;Windows 11&amp;apos;, os.arch: &amp;apos;amd64&amp;apos;, os.version: &amp;apos;10.0&amp;apos;, java.version: &amp;apos;17.0.7&amp;apos;
Driver info: io.appium.java_client.android.AndroidDriver
Command: [c61e23db-2b73-40d7-b46a-bc34a02d1cfc, getElementAttribute {id=00000000-0000-158e-ffff-ffff00000041, name=text}]
Capabilities {appium:app: D:\Java Selenium\Appium\src..., appium:appPackage: com.androidsample.generalstore, appium:automationName: UIAutomator2, appium:databaseEnabled: false, appium:desired: {app: D:\Java Selenium\Appium\src..., automationName: UIAutomator2, deviceName: POCO F3, platformName: ANDROID}, appium:deviceApiLevel: 33, appium:deviceManufacturer: Xiaomi, appium:deviceModel: M2012K11AG, appium:deviceName: a253319a, appium:deviceScreenDensity: 440, appium:deviceScreenSize: 1080x2400, appium:deviceUDID: a253319a, appium:javascriptEnabled: true, appium:locationContextEnabled: false, appium:networkConnectionEnabled: true, appium:pixelRatio: 2.75, appium:platformVersion: 13, appium:statBarHeight: 80, appium:takesScreenshot: true, appium:viewportRect: {height: 2196, left: 0, top: 80, width: 1080}, appium:warnings: {}, appium:webStorageEnabled: false, platformName: ANDROID}
Element: [[AndroidDriver:  on ANDROID (c61e23db-2b73-40d7-b46a-bc34a02d1cfc)] -&amp;gt; id: com.androidsample.generalstore:id/toolbar_title]
Session ID: c61e23db-2b73-40d7-b46a-bc34a02d1cfc">
      <![CDATA[org.openqa.selenium.StaleElementReferenceException: The element 'By.id: com.androidsample.generalstore:id/toolbar_title' does not exist in DOM anymore
For documentation on this error, please visit: https://www.selenium.dev/documentation/webdriver/troubleshooting/errors#stale-element-reference-exception
Build info: version: '4.12.1', revision: '8e34639b11'
System info: os.name: 'Windows 11', os.arch: 'amd64', os.version: '10.0', java.version: '17.0.7'
Driver info: io.appium.java_client.android.AndroidDriver
Command: [c61e23db-2b73-40d7-b46a-bc34a02d1cfc, getElementAttribute {id=00000000-0000-158e-ffff-ffff00000041, name=text}]
Capabilities {appium:app: D:\Java Selenium\Appium\src..., appium:appPackage: com.androidsample.generalstore, appium:automationName: UIAutomator2, appium:databaseEnabled: false, appium:desired: {app: D:\Java Selenium\Appium\src..., automationName: UIAutomator2, deviceName: POCO F3, platformName: ANDROID}, appium:deviceApiLevel: 33, appium:deviceManufacturer: Xiaomi, appium:deviceModel: M2012K11AG, appium:deviceName: a253319a, appium:deviceScreenDensity: 440, appium:deviceScreenSize: 1080x2400, appium:deviceUDID: a253319a, appium:javascriptEnabled: true, appium:locationContextEnabled: false, appium:networkConnectionEnabled: true, appium:pixelRatio: 2.75, appium:platformVersion: 13, appium:statBarHeight: 80, appium:takesScreenshot: true, appium:viewportRect: {height: 2196, left: 0, top: 80, width: 1080}, appium:warnings: {}, appium:webStorageEnabled: false, platformName: ANDROID}
Element: [[AndroidDriver:  on ANDROID (c61e23db-2b73-40d7-b46a-bc34a02d1cfc)] -> id: com.androidsample.generalstore:id/toolbar_title]
Session ID: c61e23db-2b73-40d7-b46a-bc34a02d1cfc
at org.openqa.selenium.remote.codec.w3c.W3CHttpResponseCodec.createException(W3CHttpResponseCodec.java:200)
at org.openqa.selenium.remote.codec.w3c.W3CHttpResponseCodec.decode(W3CHttpResponseCodec.java:133)
at org.openqa.selenium.remote.codec.w3c.W3CHttpResponseCodec.decode(W3CHttpResponseCodec.java:52)
at org.openqa.selenium.remote.HttpCommandExecutor.execute(HttpCommandExecutor.java:191)
at io.appium.java_client.remote.AppiumCommandExecutor.execute(AppiumCommandExecutor.java:250)
at org.openqa.selenium.remote.RemoteWebDriver.execute(RemoteWebDriver.java:602)
at org.openqa.selenium.remote.RemoteWebElement.execute(RemoteWebElement.java:224)
at org.openqa.selenium.remote.RemoteWebElement.getAttribute(RemoteWebElement.java:150)
at org.openqa.selenium.support.ui.ExpectedConditions.getAttributeOrCssValue(ExpectedConditions.java:1175)
at org.openqa.selenium.support.ui.ExpectedConditions.access$100(ExpectedConditions.java:37)
at org.openqa.selenium.support.ui.ExpectedConditions$40.apply(ExpectedConditions.java:1124)
at org.openqa.selenium.support.ui.ExpectedConditions$40.apply(ExpectedConditions.java:1121)
at org.openqa.selenium.support.ui.FluentWait.until(FluentWait.java:205)
at avi.e_Commerce_tc_3.FillForm(e_Commerce_tc_3.java:48)
at java.base/java.util.ArrayList.forEach(ArrayList.java:1511)
... Removed 32 stack frames]]>
    </failure>
  </testcase> <!-- FillForm -->
  <testcase classname="avi.e_Commerce_tc_2" name="FillForm" time="24.069"/>
</testsuite> <!-- Test -->
