<?xml version="1.0" encoding="UTF-8"?>
<!-- Generated by org.testng.reporters.JUnitXMLReporter -->
<testsuite ignored="0" hostname="Avi" failures="1" tests="1" name="Test 3" time="29.456" errors="0" timestamp="2023-09-20T21:11:47 BDT">
  <testcase classname="avi.e_Commerce_tc_3" name="FillForm" time="24.417">
    <failure type="io.appium.java_client.NoSuchContextException" message="An unknown server-side error occurred while processing the command. Original error: No Chromedriver found that can automate Chrome &amp;apos;116.0.0&amp;apos;. You could also try to enable automated chromedrivers download as a possible workaround.
Build info: version: &amp;apos;4.12.1&amp;apos;, revision: &amp;apos;8e34639b11&amp;apos;
System info: os.name: &amp;apos;Windows 11&amp;apos;, os.arch: &amp;apos;amd64&amp;apos;, os.version: &amp;apos;10.0&amp;apos;, java.version: &amp;apos;17.0.7&amp;apos;
Driver info: io.appium.java_client.android.AndroidDriver
Command: [fef78f9d-52d1-48f5-803e-d2eec50c9c9f, switchToContext {name=WEBVIEW_com.androidsample.generalstore}]
Capabilities {appium:app: D:\Java Selenium\Appium\src..., appium:appPackage: com.androidsample.generalstore, appium:automationName: UIAutomator2, appium:databaseEnabled: false, appium:desired: {app: D:\Java Selenium\Appium\src..., automationName: UIAutomator2, deviceName: POCO F3, platformName: ANDROID}, appium:deviceApiLevel: 33, appium:deviceManufacturer: Xiaomi, appium:deviceModel: M2012K11AG, appium:deviceName: a253319a, appium:deviceScreenDensity: 440, appium:deviceScreenSize: 1080x2400, appium:deviceUDID: a253319a, appium:javascriptEnabled: true, appium:locationContextEnabled: false, appium:networkConnectionEnabled: true, appium:pixelRatio: 2.75, appium:platformVersion: 13, appium:statBarHeight: 80, appium:takesScreenshot: true, appium:viewportRect: {height: 2196, left: 0, top: 80, width: 1080}, appium:warnings: {}, appium:webStorageEnabled: false, platformName: ANDROID}
Session ID: fef78f9d-52d1-48f5-803e-d2eec50c9c9f">
      <![CDATA[io.appium.java_client.NoSuchContextException: An unknown server-side error occurred while processing the command. Original error: No Chromedriver found that can automate Chrome '116.0.0'. You could also try to enable automated chromedrivers download as a possible workaround.
Build info: version: '4.12.1', revision: '8e34639b11'
System info: os.name: 'Windows 11', os.arch: 'amd64', os.version: '10.0', java.version: '17.0.7'
Driver info: io.appium.java_client.android.AndroidDriver
Command: [fef78f9d-52d1-48f5-803e-d2eec50c9c9f, switchToContext {name=WEBVIEW_com.androidsample.generalstore}]
Capabilities {appium:app: D:\Java Selenium\Appium\src..., appium:appPackage: com.androidsample.generalstore, appium:automationName: UIAutomator2, appium:databaseEnabled: false, appium:desired: {app: D:\Java Selenium\Appium\src..., automationName: UIAutomator2, deviceName: POCO F3, platformName: ANDROID}, appium:deviceApiLevel: 33, appium:deviceManufacturer: Xiaomi, appium:deviceModel: M2012K11AG, appium:deviceName: a253319a, appium:deviceScreenDensity: 440, appium:deviceScreenSize: 1080x2400, appium:deviceUDID: a253319a, appium:javascriptEnabled: true, appium:locationContextEnabled: false, appium:networkConnectionEnabled: true, appium:pixelRatio: 2.75, appium:platformVersion: 13, appium:statBarHeight: 80, appium:takesScreenshot: true, appium:viewportRect: {height: 2196, left: 0, top: 80, width: 1080}, appium:warnings: {}, appium:webStorageEnabled: false, platformName: ANDROID}
Session ID: fef78f9d-52d1-48f5-803e-d2eec50c9c9f
at io.appium.java_client.remote.SupportsContextSwitching.context(SupportsContextSwitching.java:48)
at avi.e_Commerce_tc_3.FillForm(e_Commerce_tc_3.java:74)
at java.base/java.util.ArrayList.forEach(ArrayList.java:1511)
Caused by: org.openqa.selenium.WebDriverException: An unknown server-side error occurred while processing the command. Original error: No Chromedriver found that can automate Chrome '116.0.0'. You could also try to enable automated chromedrivers download as a possible workaround.
Build info: version: '4.12.1', revision: '8e34639b11'
System info: os.name: 'Windows 11', os.arch: 'amd64', os.version: '10.0', java.version: '17.0.7'
Driver info: io.appium.java_client.android.AndroidDriver
Command: [fef78f9d-52d1-48f5-803e-d2eec50c9c9f, switchToContext {name=WEBVIEW_com.androidsample.generalstore}]
Capabilities {appium:app: D:\Java Selenium\Appium\src..., appium:appPackage: com.androidsample.generalstore, appium:automationName: UIAutomator2, appium:databaseEnabled: false, appium:desired: {app: D:\Java Selenium\Appium\src..., automationName: UIAutomator2, deviceName: POCO F3, platformName: ANDROID}, appium:deviceApiLevel: 33, appium:deviceManufacturer: Xiaomi, appium:deviceModel: M2012K11AG, appium:deviceName: a253319a, appium:deviceScreenDensity: 440, appium:deviceScreenSize: 1080x2400, appium:deviceUDID: a253319a, appium:javascriptEnabled: true, appium:locationContextEnabled: false, appium:networkConnectionEnabled: true, appium:pixelRatio: 2.75, appium:platformVersion: 13, appium:statBarHeight: 80, appium:takesScreenshot: true, appium:viewportRect: {height: 2196, left: 0, top: 80, width: 1080}, appium:warnings: {}, appium:webStorageEnabled: false, platformName: ANDROID}
Session ID: fef78f9d-52d1-48f5-803e-d2eec50c9c9f
at org.openqa.selenium.remote.codec.w3c.W3CHttpResponseCodec.createException(W3CHttpResponseCodec.java:200)
at org.openqa.selenium.remote.codec.w3c.W3CHttpResponseCodec.decode(W3CHttpResponseCodec.java:133)
at org.openqa.selenium.remote.codec.w3c.W3CHttpResponseCodec.decode(W3CHttpResponseCodec.java:52)
at org.openqa.selenium.remote.HttpCommandExecutor.execute(HttpCommandExecutor.java:191)
at io.appium.java_client.remote.AppiumCommandExecutor.execute(AppiumCommandExecutor.java:250)
at org.openqa.selenium.remote.RemoteWebDriver.execute(RemoteWebDriver.java:602)
at org.openqa.selenium.remote.RemoteWebDriver.execute(RemoteWebDriver.java:675)
at io.appium.java_client.AppiumDriver.execute(AppiumDriver.java:308)
at io.appium.java_client.remote.SupportsContextSwitching.context(SupportsContextSwitching.java:45)
... 29 more
... Removed 32 stack frames]]>
    </failure>
  </testcase> <!-- FillForm -->
</testsuite> <!-- Test 3 -->
